<?xml version="1.0" encoding="UTF-8"?>
<coverage generated="1771202658750" clover="3.2.0">
  <project timestamp="1771202658750" name="All files">
    <metrics statements="283" coveredstatements="270" conditionals="95" coveredconditionals="83" methods="20" coveredmethods="19" elements="398" coveredelements="372" complexity="0" loc="283" ncloc="283" packages="1" files="7" classes="7"/>
    <file name="auth.ts" path="/Users/shpetim/Projects/apinator/sdks/node/src/auth.ts">
      <metrics statements="17" coveredstatements="17" conditionals="2" coveredconditionals="2" methods="1" coveredmethods="1"/>
      <line num="1" count="1" type="stmt"/>
      <line num="40" count="1" type="cond" truecount="1" falsecount="0"/>
      <line num="41" count="17" type="stmt"/>
      <line num="42" count="17" type="stmt"/>
      <line num="43" count="17" type="stmt"/>
      <line num="44" count="17" type="stmt"/>
      <line num="45" count="17" type="stmt"/>
      <line num="46" count="17" type="stmt"/>
      <line num="47" count="17" type="stmt"/>
      <line num="49" count="17" type="stmt"/>
      <line num="50" count="17" type="stmt"/>
      <line num="51" count="17" type="stmt"/>
      <line num="53" count="17" type="cond" truecount="1" falsecount="0"/>
      <line num="54" count="5" type="stmt"/>
      <line num="55" count="5" type="stmt"/>
      <line num="57" count="17" type="stmt"/>
      <line num="58" count="17" type="stmt"/>
    </file>
    <file name="client.ts" path="/Users/shpetim/Projects/apinator/sdks/node/src/client.ts">
      <metrics statements="139" coveredstatements="131" conditionals="53" coveredconditionals="44" methods="7" coveredmethods="7"/>
      <line num="1" count="1" type="stmt"/>
      <line num="54" count="1" type="stmt"/>
      <line num="60" count="1" type="cond" truecount="1" falsecount="0"/>
      <line num="61" count="22" type="stmt"/>
      <line num="62" count="22" type="stmt"/>
      <line num="63" count="22" type="stmt"/>
      <line num="64" count="22" type="cond" truecount="1" falsecount="0"/>
      <line num="65" count="22" type="stmt"/>
      <line num="103" count="1" type="cond" truecount="1" falsecount="0"/>
      <line num="105" count="9" type="cond" truecount="2" falsecount="0"/>
      <line num="106" count="1" type="stmt"/>
      <line num="107" count="1" type="stmt"/>
      <line num="108" count="1" type="stmt"/>
      <line num="109" count="1" type="cond" truecount="1" falsecount="0"/>
      <line num="111" count="9" type="cond" truecount="2" falsecount="0"/>
      <line num="112" count="1" type="stmt"/>
      <line num="113" count="1" type="stmt"/>
      <line num="114" count="1" type="stmt"/>
      <line num="115" count="1" type="cond" truecount="1" falsecount="0"/>
      <line num="118" count="7" type="stmt"/>
      <line num="119" count="7" type="stmt"/>
      <line num="120" count="7" type="stmt"/>
      <line num="121" count="7" type="stmt"/>
      <line num="123" count="9" type="cond" truecount="1" falsecount="0"/>
      <line num="124" count="6" type="stmt"/>
      <line num="125" count="6" type="cond" truecount="1" falsecount="0"/>
      <line num="127" count="9" type="cond" truecount="1" falsecount="0"/>
      <line num="128" count="1" type="stmt"/>
      <line num="129" count="1" type="cond" truecount="1" falsecount="0"/>
      <line num="131" count="9" type="cond" truecount="1" falsecount="0"/>
      <line num="132" count="1" type="stmt"/>
      <line num="133" count="1" type="cond" truecount="1" falsecount="0"/>
      <line num="135" count="7" type="stmt"/>
      <line num="136" count="7" type="stmt"/>
      <line num="138" count="7" type="cond" truecount="1" falsecount="0"/>
      <line num="139" count="9" type="stmt"/>
      <line num="169" count="1" type="cond" truecount="1" falsecount="0"/>
      <line num="170" count="2" type="stmt"/>
      <line num="171" count="2" type="stmt"/>
      <line num="172" count="2" type="stmt"/>
      <line num="173" count="2" type="stmt"/>
      <line num="174" count="2" type="stmt"/>
      <line num="175" count="2" type="stmt"/>
      <line num="196" count="1" type="cond" truecount="1" falsecount="0"/>
      <line num="197" count="3" type="stmt"/>
      <line num="199" count="3" type="cond" truecount="1" falsecount="0"/>
      <line num="200" count="2" type="stmt"/>
      <line num="201" count="2" type="stmt"/>
      <line num="202" count="2" type="stmt"/>
      <line num="204" count="3" type="stmt"/>
      <line num="205" count="3" type="stmt"/>
      <line num="206" count="3" type="stmt"/>
      <line num="228" count="1" type="cond" truecount="1" falsecount="0"/>
      <line num="229" count="3" type="stmt"/>
      <line num="230" count="3" type="stmt"/>
      <line num="232" count="3" type="cond" truecount="1" falsecount="0"/>
      <line num="233" count="2" type="stmt"/>
      <line num="234" count="3" type="stmt"/>
      <line num="261" count="1" type="cond" truecount="1" falsecount="0"/>
      <line num="262" count="3" type="stmt"/>
      <line num="263" count="3" type="stmt"/>
      <line num="264" count="3" type="stmt"/>
      <line num="265" count="3" type="stmt"/>
      <line num="266" count="3" type="stmt"/>
      <line num="267" count="3" type="stmt"/>
      <line num="272" count="1" type="cond" truecount="1" falsecount="0"/>
      <line num="273" count="13" type="stmt"/>
      <line num="274" count="13" type="stmt"/>
      <line num="275" count="13" type="stmt"/>
      <line num="276" count="13" type="stmt"/>
      <line num="277" count="13" type="stmt"/>
      <line num="279" count="13" type="stmt"/>
      <line num="280" count="13" type="stmt"/>
      <line num="282" count="13" type="stmt"/>
      <line num="283" count="13" type="stmt"/>
      <line num="284" count="13" type="stmt"/>
      <line num="285" count="13" type="stmt"/>
      <line num="286" count="13" type="stmt"/>
      <line num="287" count="13" type="stmt"/>
      <line num="289" count="13" type="cond" truecount="1" falsecount="0"/>
      <line num="290" count="7" type="stmt"/>
      <line num="291" count="7" type="stmt"/>
      <line num="293" count="13" type="stmt"/>
      <line num="294" count="13" type="stmt"/>
      <line num="295" count="13" type="stmt"/>
      <line num="296" count="13" type="stmt"/>
      <line num="297" count="13" type="cond" truecount="2" falsecount="0"/>
      <line num="298" count="13" type="stmt"/>
      <line num="300" count="13" type="stmt"/>
      <line num="302" count="13" type="cond" truecount="1" falsecount="0"/>
      <line num="303" count="5" type="stmt"/>
      <line num="304" count="5" type="stmt"/>
      <line num="305" count="5" type="stmt"/>
      <line num="306" count="5" type="stmt"/>
      <line num="307" count="5" type="cond" truecount="2" falsecount="0"/>
      <line num="308" count="4" type="stmt"/>
      <line num="309" count="5" type="cond" truecount="0" falsecount="1"/>
      <line num="310" count="0" type="stmt"/>
      <line num="311" count="0" type="stmt"/>
      <line num="312" count="5" type="cond" truecount="1" falsecount="0"/>
      <line num="313" count="1" type="stmt"/>
      <line num="314" count="1" type="stmt"/>
      <line num="316" count="5" type="cond" truecount="2" falsecount="0"/>
      <line num="317" count="2" type="stmt"/>
      <line num="318" count="2" type="cond" truecount="0" falsecount="1"/>
      <line num="319" count="2" type="stmt"/>
      <line num="320" count="2" type="cond" truecount="2" falsecount="0"/>
      <line num="322" count="5" type="cond" truecount="3" falsecount="0"/>
      <line num="323" count="1" type="cond" truecount="0" falsecount="1"/>
      <line num="324" count="1" type="cond" truecount="1" falsecount="0"/>
      <line num="326" count="2" type="stmt"/>
      <line num="327" count="4" type="cond" truecount="0" falsecount="1"/>
      <line num="328" count="5" type="stmt"/>
      <line num="329" count="5" type="stmt"/>
      <line num="330" count="5" type="stmt"/>
      <line num="331" count="5" type="cond" truecount="2" falsecount="0"/>
      <line num="334" count="12" type="cond" truecount="0" falsecount="1"/>
      <line num="335" count="0" type="stmt"/>
      <line num="336" count="0" type="cond" truecount="1" falsecount="0"/>
      <line num="338" count="8" type="stmt"/>
      <line num="339" count="8" type="stmt"/>
      <line num="340" count="12" type="cond" truecount="0" falsecount="1"/>
      <line num="341" count="0" type="stmt"/>
      <line num="342" count="0" type="stmt"/>
      <line num="343" count="13" type="cond" truecount="1" falsecount="0"/>
      <line num="345" count="5" type="stmt"/>
      <line num="346" count="5" type="cond" truecount="1" falsecount="0"/>
      <line num="347" count="3" type="cond" truecount="1" falsecount="0"/>
      <line num="348" count="1" type="cond" truecount="0" falsecount="1"/>
      <line num="349" count="0" type="stmt"/>
      <line num="350" count="5" type="stmt"/>
      <line num="351" count="5" type="stmt"/>
      <line num="352" count="5" type="cond" truecount="0" falsecount="1"/>
      <line num="355" count="0" type="stmt"/>
      <line num="356" count="5" type="cond" truecount="0" falsecount="1"/>
      <line num="357" count="5" type="stmt"/>
      <line num="358" count="5" type="stmt"/>
      <line num="359" count="13" type="stmt"/>
      <line num="360" count="1" type="stmt"/>
    </file>
    <file name="crypto.ts" path="/Users/shpetim/Projects/apinator/sdks/node/src/crypto.ts">
      <metrics statements="34" coveredstatements="34" conditionals="8" coveredconditionals="8" methods="4" coveredmethods="4"/>
      <line num="1" count="1" type="stmt"/>
      <line num="6" count="1" type="cond" truecount="1" falsecount="0"/>
      <line num="7" count="18" type="stmt"/>
      <line num="8" count="18" type="stmt"/>
      <line num="20" count="1" type="cond" truecount="1" falsecount="0"/>
      <line num="21" count="24" type="stmt"/>
      <line num="22" count="24" type="stmt"/>
      <line num="23" count="24" type="stmt"/>
      <line num="24" count="24" type="stmt"/>
      <line num="25" count="24" type="stmt"/>
      <line num="26" count="24" type="stmt"/>
      <line num="28" count="24" type="cond" truecount="2" falsecount="0"/>
      <line num="31" count="24" type="stmt"/>
      <line num="34" count="24" type="stmt"/>
      <line num="35" count="24" type="stmt"/>
      <line num="46" count="1" type="cond" truecount="1" falsecount="0"/>
      <line num="47" count="27" type="stmt"/>
      <line num="48" count="27" type="stmt"/>
      <line num="49" count="27" type="stmt"/>
      <line num="50" count="27" type="stmt"/>
      <line num="51" count="27" type="stmt"/>
      <line num="53" count="27" type="cond" truecount="1" falsecount="0"/>
      <line num="54" count="7" type="cond" truecount="1" falsecount="0"/>
      <line num="55" count="20" type="stmt"/>
      <line num="58" count="27" type="stmt"/>
      <line num="59" count="27" type="stmt"/>
      <line num="69" count="1" type="cond" truecount="1" falsecount="0"/>
      <line num="70" count="33" type="stmt"/>
      <line num="71" count="33" type="stmt"/>
      <line num="72" count="33" type="stmt"/>
      <line num="73" count="33" type="stmt"/>
      <line num="75" count="33" type="stmt"/>
      <line num="78" count="33" type="stmt"/>
      <line num="79" count="33" type="stmt"/>
    </file>
    <file name="errors.ts" path="/Users/shpetim/Projects/apinator/sdks/node/src/errors.ts">
      <metrics statements="30" coveredstatements="30" conditionals="4" coveredconditionals="4" methods="4" coveredmethods="4"/>
      <line num="4" count="1" type="stmt"/>
      <line num="5" count="1" type="cond" truecount="1" falsecount="0"/>
      <line num="6" count="7" type="stmt"/>
      <line num="7" count="7" type="stmt"/>
      <line num="8" count="7" type="stmt"/>
      <line num="9" count="7" type="stmt"/>
      <line num="10" count="1" type="stmt"/>
      <line num="15" count="1" type="stmt"/>
      <line num="16" count="1" type="cond" truecount="1" falsecount="0"/>
      <line num="17" count="2" type="stmt"/>
      <line num="18" count="2" type="stmt"/>
      <line num="19" count="2" type="stmt"/>
      <line num="20" count="2" type="stmt"/>
      <line num="21" count="1" type="stmt"/>
      <line num="26" count="1" type="stmt"/>
      <line num="27" count="1" type="cond" truecount="1" falsecount="0"/>
      <line num="28" count="3" type="stmt"/>
      <line num="29" count="3" type="stmt"/>
      <line num="30" count="3" type="stmt"/>
      <line num="31" count="3" type="stmt"/>
      <line num="32" count="1" type="stmt"/>
      <line num="37" count="1" type="stmt"/>
      <line num="41" count="1" type="cond" truecount="1" falsecount="0"/>
      <line num="42" count="2" type="stmt"/>
      <line num="43" count="2" type="stmt"/>
      <line num="44" count="2" type="stmt"/>
      <line num="45" count="2" type="stmt"/>
      <line num="46" count="2" type="stmt"/>
      <line num="47" count="2" type="stmt"/>
      <line num="48" count="1" type="stmt"/>
    </file>
    <file name="index.ts" path="/Users/shpetim/Projects/apinator/sdks/node/src/index.ts">
      <metrics statements="1" coveredstatements="0" conditionals="1" coveredconditionals="0" methods="1" coveredmethods="0"/>
      <line num="1" count="0" type="cond" truecount="0" falsecount="1"/>
    </file>
    <file name="types.ts" path="/Users/shpetim/Projects/apinator/sdks/node/src/types.ts">
      <metrics statements="0" coveredstatements="0" conditionals="1" coveredconditionals="1" methods="1" coveredmethods="1"/>
    </file>
    <file name="webhook.ts" path="/Users/shpetim/Projects/apinator/sdks/node/src/webhook.ts">
      <metrics statements="62" coveredstatements="58" conditionals="26" coveredconditionals="24" methods="2" coveredmethods="2"/>
      <line num="1" count="1" type="stmt"/>
      <line num="33" count="1" type="cond" truecount="1" falsecount="0"/>
      <line num="34" count="18" type="stmt"/>
      <line num="35" count="18" type="stmt"/>
      <line num="36" count="18" type="stmt"/>
      <line num="37" count="18" type="stmt"/>
      <line num="38" count="18" type="stmt"/>
      <line num="40" count="18" type="stmt"/>
      <line num="41" count="18" type="stmt"/>
      <line num="42" count="18" type="stmt"/>
      <line num="43" count="18" type="stmt"/>
      <line num="44" count="18" type="cond" truecount="1" falsecount="0"/>
      <line num="45" count="1" type="stmt"/>
      <line num="46" count="1" type="cond" truecount="1" falsecount="0"/>
      <line num="49" count="17" type="cond" truecount="1" falsecount="0"/>
      <line num="50" count="14" type="cond" truecount="1" falsecount="0"/>
      <line num="51" count="3" type="stmt"/>
      <line num="54" count="18" type="stmt"/>
      <line num="55" count="18" type="cond" truecount="1" falsecount="0"/>
      <line num="56" count="1" type="stmt"/>
      <line num="57" count="1" type="cond" truecount="1" falsecount="0"/>
      <line num="60" count="18" type="cond" truecount="1" falsecount="0"/>
      <line num="61" count="5" type="stmt"/>
      <line num="62" count="5" type="cond" truecount="1" falsecount="0"/>
      <line num="63" count="1" type="stmt"/>
      <line num="64" count="1" type="cond" truecount="1" falsecount="0"/>
      <line num="66" count="4" type="stmt"/>
      <line num="67" count="4" type="stmt"/>
      <line num="69" count="5" type="cond" truecount="2" falsecount="0"/>
      <line num="70" count="3" type="stmt"/>
      <line num="71" count="3" type="stmt"/>
      <line num="72" count="5" type="cond" truecount="1" falsecount="0"/>
      <line num="75" count="12" type="stmt"/>
      <line num="78" count="12" type="stmt"/>
      <line num="79" count="12" type="stmt"/>
      <line num="80" count="12" type="stmt"/>
      <line num="83" count="18" type="cond" truecount="2" falsecount="0"/>
      <line num="84" count="3" type="stmt"/>
      <line num="85" count="3" type="cond" truecount="1" falsecount="0"/>
      <line num="87" count="9" type="stmt"/>
      <line num="88" count="18" type="cond" truecount="0" falsecount="1"/>
      <line num="89" count="0" type="stmt"/>
      <line num="90" count="0" type="stmt"/>
      <line num="91" count="18" type="stmt"/>
      <line num="96" count="35" type="cond" truecount="1" falsecount="0"/>
      <line num="97" count="35" type="stmt"/>
      <line num="98" count="35" type="stmt"/>
      <line num="99" count="35" type="stmt"/>
      <line num="100" count="35" type="stmt"/>
      <line num="101" count="35" type="cond" truecount="1" falsecount="0"/>
      <line num="102" count="51" type="cond" truecount="1" falsecount="0"/>
      <line num="103" count="33" type="cond" truecount="1" falsecount="0"/>
      <line num="104" count="31" type="stmt"/>
      <line num="105" count="31" type="cond" truecount="2" falsecount="0"/>
      <line num="106" count="2" type="stmt"/>
      <line num="107" count="2" type="cond" truecount="1" falsecount="0"/>
      <line num="108" count="2" type="cond" truecount="0" falsecount="1"/>
      <line num="109" count="0" type="stmt"/>
      <line num="110" count="0" type="stmt"/>
      <line num="111" count="51" type="cond" truecount="1" falsecount="0"/>
      <line num="112" count="2" type="stmt"/>
      <line num="113" count="2" type="stmt"/>
    </file>
  </project>
</coverage>
