{"/Users/shpetim/Projects/apinator/sdks/node/src/auth.ts": {"path":"/Users/shpetim/Projects/apinator/sdks/node/src/auth.ts","all":false,"statementMap":{"0":{"start":{"line":1,"column":0},"end":{"line":1,"column":39}},"39":{"start":{"line":40,"column":0},"end":{"line":40,"column":36}},"40":{"start":{"line":41,"column":0},"end":{"line":41,"column":17}},"41":{"start":{"line":42,"column":0},"end":{"line":42,"column":14}},"42":{"start":{"line":43,"column":0},"end":{"line":43,"column":19}},"43":{"start":{"line":44,"column":0},"end":{"line":44,"column":22}},"44":{"start":{"line":45,"column":0},"end":{"line":45,"column":22}},"45":{"start":{"line":46,"column":0},"end":{"line":46,"column":24}},"46":{"start":{"line":47,"column":0},"end":{"line":47,"column":76}},"48":{"start":{"line":49,"column":0},"end":{"line":49,"column":41}},"49":{"start":{"line":50,"column":0},"end":{"line":50,"column":32}},"50":{"start":{"line":51,"column":0},"end":{"line":51,"column":4}},"52":{"start":{"line":53,"column":0},"end":{"line":53,"column":34}},"53":{"start":{"line":54,"column":0},"end":{"line":54,"column":40}},"54":{"start":{"line":55,"column":0},"end":{"line":55,"column":3}},"56":{"start":{"line":57,"column":0},"end":{"line":57,"column":18}},"57":{"start":{"line":58,"column":0},"end":{"line":58,"column":1}}},"s":{"0":1,"39":1,"40":17,"41":17,"42":17,"43":17,"44":17,"45":17,"46":17,"48":17,"49":17,"50":17,"52":17,"53":5,"54":5,"56":17,"57":17},"branchMap":{"0":{"type":"branch","line":40,"loc":{"start":{"line":40,"column":7},"end":{"line":58,"column":1}},"locations":[{"start":{"line":40,"column":7},"end":{"line":58,"column":1}}]},"1":{"type":"branch","line":53,"loc":{"start":{"line":53,"column":33},"end":{"line":55,"column":3}},"locations":[{"start":{"line":53,"column":33},"end":{"line":55,"column":3}}]}},"b":{"0":[17],"1":[5]},"fnMap":{"0":{"name":"authenticateChannel","decl":{"start":{"line":40,"column":7},"end":{"line":58,"column":1}},"loc":{"start":{"line":40,"column":7},"end":{"line":58,"column":1}},"line":40}},"f":{"0":17}}
,"/Users/shpetim/Projects/apinator/sdks/node/src/client.ts": {"path":"/Users/shpetim/Projects/apinator/sdks/node/src/client.ts","all":false,"statementMap":{"0":{"start":{"line":1,"column":0},"end":{"line":1,"column":39}},"53":{"start":{"line":54,"column":0},"end":{"line":54,"column":23}},"59":{"start":{"line":60,"column":0},"end":{"line":60,"column":41}},"60":{"start":{"line":61,"column":0},"end":{"line":61,"column":31}},"61":{"start":{"line":62,"column":0},"end":{"line":62,"column":27}},"62":{"start":{"line":63,"column":0},"end":{"line":63,"column":33}},"63":{"start":{"line":64,"column":0},"end":{"line":64,"column":58}},"64":{"start":{"line":65,"column":0},"end":{"line":65,"column":3}},"102":{"start":{"line":103,"column":0},"end":{"line":103,"column":55}},"104":{"start":{"line":105,"column":0},"end":{"line":105,"column":44}},"105":{"start":{"line":106,"column":0},"end":{"line":106,"column":32}},"106":{"start":{"line":107,"column":0},"end":{"line":107,"column":65}},"107":{"start":{"line":108,"column":0},"end":{"line":108,"column":8}},"108":{"start":{"line":109,"column":0},"end":{"line":109,"column":5}},"110":{"start":{"line":111,"column":0},"end":{"line":111,"column":46}},"111":{"start":{"line":112,"column":0},"end":{"line":112,"column":32}},"112":{"start":{"line":113,"column":0},"end":{"line":113,"column":63}},"113":{"start":{"line":114,"column":0},"end":{"line":114,"column":8}},"114":{"start":{"line":115,"column":0},"end":{"line":115,"column":5}},"117":{"start":{"line":118,"column":0},"end":{"line":118,"column":43}},"118":{"start":{"line":119,"column":0},"end":{"line":119,"column":24}},"119":{"start":{"line":120,"column":0},"end":{"line":120,"column":24}},"120":{"start":{"line":121,"column":0},"end":{"line":121,"column":6}},"122":{"start":{"line":123,"column":0},"end":{"line":123,"column":25}},"123":{"start":{"line":124,"column":0},"end":{"line":124,"column":36}},"124":{"start":{"line":125,"column":0},"end":{"line":125,"column":5}},"126":{"start":{"line":127,"column":0},"end":{"line":127,"column":26}},"127":{"start":{"line":128,"column":0},"end":{"line":128,"column":38}},"128":{"start":{"line":129,"column":0},"end":{"line":129,"column":5}},"130":{"start":{"line":131,"column":0},"end":{"line":131,"column":26}},"131":{"start":{"line":132,"column":0},"end":{"line":132,"column":39}},"132":{"start":{"line":133,"column":0},"end":{"line":133,"column":5}},"134":{"start":{"line":135,"column":0},"end":{"line":135,"column":44}},"135":{"start":{"line":136,"column":0},"end":{"line":136,"column":46}},"137":{"start":{"line":138,"column":0},"end":{"line":138,"column":49}},"138":{"start":{"line":139,"column":0},"end":{"line":139,"column":3}},"168":{"start":{"line":169,"column":0},"end":{"line":169,"column":22}},"169":{"start":{"line":170,"column":0},"end":{"line":170,"column":21}},"170":{"start":{"line":171,"column":0},"end":{"line":171,"column":24}},"171":{"start":{"line":172,"column":0},"end":{"line":172,"column":24}},"172":{"start":{"line":173,"column":0},"end":{"line":173,"column":26}},"173":{"start":{"line":174,"column":0},"end":{"line":174,"column":82}},"174":{"start":{"line":175,"column":0},"end":{"line":175,"column":3}},"195":{"start":{"line":196,"column":0},"end":{"line":196,"column":62}},"196":{"start":{"line":197,"column":0},"end":{"line":197,"column":46}},"198":{"start":{"line":199,"column":0},"end":{"line":199,"column":17}},"199":{"start":{"line":200,"column":0},"end":{"line":200,"column":55}},"200":{"start":{"line":201,"column":0},"end":{"line":201,"column":51}},"201":{"start":{"line":202,"column":0},"end":{"line":202,"column":5}},"203":{"start":{"line":204,"column":0},"end":{"line":204,"column":57}},"204":{"start":{"line":205,"column":0},"end":{"line":205,"column":46}},"205":{"start":{"line":206,"column":0},"end":{"line":206,"column":3}},"227":{"start":{"line":228,"column":0},"end":{"line":228,"column":63}},"228":{"start":{"line":229,"column":0},"end":{"line":229,"column":59}},"229":{"start":{"line":230,"column":0},"end":{"line":230,"column":66}},"231":{"start":{"line":232,"column":0},"end":{"line":232,"column":57}},"232":{"start":{"line":233,"column":0},"end":{"line":233,"column":35}},"233":{"start":{"line":234,"column":0},"end":{"line":234,"column":3}},"260":{"start":{"line":261,"column":0},"end":{"line":261,"column":16}},"261":{"start":{"line":262,"column":0},"end":{"line":262,"column":59}},"262":{"start":{"line":263,"column":0},"end":{"line":263,"column":17}},"263":{"start":{"line":264,"column":0},"end":{"line":264,"column":19}},"264":{"start":{"line":265,"column":0},"end":{"line":265,"column":14}},"265":{"start":{"line":266,"column":0},"end":{"line":266,"column":70}},"266":{"start":{"line":267,"column":0},"end":{"line":267,"column":3}},"271":{"start":{"line":272,"column":0},"end":{"line":272,"column":24}},"272":{"start":{"line":273,"column":0},"end":{"line":273,"column":19}},"273":{"start":{"line":274,"column":0},"end":{"line":274,"column":17}},"274":{"start":{"line":275,"column":0},"end":{"line":275,"column":16}},"275":{"start":{"line":276,"column":0},"end":{"line":276,"column":19}},"276":{"start":{"line":277,"column":0},"end":{"line":277,"column":52}},"278":{"start":{"line":279,"column":0},"end":{"line":279,"column":39}},"279":{"start":{"line":280,"column":0},"end":{"line":280,"column":82}},"281":{"start":{"line":282,"column":0},"end":{"line":282,"column":38}},"282":{"start":{"line":283,"column":0},"end":{"line":283,"column":45}},"283":{"start":{"line":284,"column":0},"end":{"line":284,"column":33}},"284":{"start":{"line":285,"column":0},"end":{"line":285,"column":51}},"285":{"start":{"line":286,"column":0},"end":{"line":286,"column":40}},"286":{"start":{"line":287,"column":0},"end":{"line":287,"column":6}},"288":{"start":{"line":289,"column":0},"end":{"line":289,"column":22}},"289":{"start":{"line":290,"column":0},"end":{"line":290,"column":51}},"290":{"start":{"line":291,"column":0},"end":{"line":291,"column":5}},"292":{"start":{"line":293,"column":0},"end":{"line":293,"column":9}},"293":{"start":{"line":294,"column":0},"end":{"line":294,"column":41}},"294":{"start":{"line":295,"column":0},"end":{"line":295,"column":15}},"295":{"start":{"line":296,"column":0},"end":{"line":296,"column":16}},"296":{"start":{"line":297,"column":0},"end":{"line":297,"column":45}},"297":{"start":{"line":298,"column":0},"end":{"line":298,"column":9}},"299":{"start":{"line":300,"column":0},"end":{"line":300,"column":49}},"301":{"start":{"line":302,"column":0},"end":{"line":302,"column":25}},"302":{"start":{"line":303,"column":0},"end":{"line":303,"column":40}},"303":{"start":{"line":304,"column":0},"end":{"line":304,"column":50}},"304":{"start":{"line":305,"column":0},"end":{"line":305,"column":13}},"305":{"start":{"line":306,"column":0},"end":{"line":306,"column":63}},"306":{"start":{"line":307,"column":0},"end":{"line":307,"column":80}},"307":{"start":{"line":308,"column":0},"end":{"line":308,"column":42}},"308":{"start":{"line":309,"column":0},"end":{"line":309,"column":85}},"309":{"start":{"line":310,"column":0},"end":{"line":310,"column":41}},"310":{"start":{"line":311,"column":0},"end":{"line":311,"column":11}},"311":{"start":{"line":312,"column":0},"end":{"line":312,"column":17}},"312":{"start":{"line":313,"column":0},"end":{"line":313,"column":25}},"313":{"start":{"line":314,"column":0},"end":{"line":314,"column":9}},"315":{"start":{"line":316,"column":0},"end":{"line":316,"column":65}},"316":{"start":{"line":317,"column":0},"end":{"line":317,"column":40}},"317":{"start":{"line":318,"column":0},"end":{"line":318,"column":51}},"318":{"start":{"line":319,"column":0},"end":{"line":319,"column":12}},"319":{"start":{"line":320,"column":0},"end":{"line":320,"column":9}},"321":{"start":{"line":322,"column":0},"end":{"line":322,"column":65}},"322":{"start":{"line":323,"column":0},"end":{"line":323,"column":73}},"323":{"start":{"line":324,"column":0},"end":{"line":324,"column":9}},"325":{"start":{"line":326,"column":0},"end":{"line":326,"column":27}},"326":{"start":{"line":327,"column":0},"end":{"line":327,"column":74}},"327":{"start":{"line":328,"column":0},"end":{"line":328,"column":26}},"328":{"start":{"line":329,"column":0},"end":{"line":329,"column":22}},"329":{"start":{"line":330,"column":0},"end":{"line":330,"column":10}},"330":{"start":{"line":331,"column":0},"end":{"line":331,"column":7}},"333":{"start":{"line":334,"column":0},"end":{"line":334,"column":32}},"334":{"start":{"line":335,"column":0},"end":{"line":335,"column":18}},"335":{"start":{"line":336,"column":0},"end":{"line":336,"column":7}},"337":{"start":{"line":338,"column":0},"end":{"line":338,"column":11}},"338":{"start":{"line":339,"column":0},"end":{"line":339,"column":40}},"339":{"start":{"line":340,"column":0},"end":{"line":340,"column":15}},"340":{"start":{"line":341,"column":0},"end":{"line":341,"column":77}},"341":{"start":{"line":342,"column":0},"end":{"line":342,"column":7}},"342":{"start":{"line":343,"column":0},"end":{"line":343,"column":21}},"344":{"start":{"line":345,"column":0},"end":{"line":345,"column":10}},"345":{"start":{"line":346,"column":0},"end":{"line":346,"column":36}},"346":{"start":{"line":347,"column":0},"end":{"line":347,"column":47}},"347":{"start":{"line":348,"column":0},"end":{"line":348,"column":43}},"348":{"start":{"line":349,"column":0},"end":{"line":349,"column":38}},"349":{"start":{"line":350,"column":0},"end":{"line":350,"column":9}},"350":{"start":{"line":351,"column":0},"end":{"line":351,"column":20}},"351":{"start":{"line":352,"column":0},"end":{"line":352,"column":7}},"354":{"start":{"line":355,"column":0},"end":{"line":355,"column":30}},"355":{"start":{"line":356,"column":0},"end":{"line":356,"column":82}},"356":{"start":{"line":357,"column":0},"end":{"line":357,"column":8}},"357":{"start":{"line":358,"column":0},"end":{"line":358,"column":5}},"358":{"start":{"line":359,"column":0},"end":{"line":359,"column":3}},"359":{"start":{"line":360,"column":0},"end":{"line":360,"column":1}}},"s":{"0":1,"53":1,"59":1,"60":22,"61":22,"62":22,"63":22,"64":22,"102":1,"104":9,"105":1,"106":1,"107":1,"108":1,"110":9,"111":1,"112":1,"113":1,"114":1,"117":7,"118":7,"119":7,"120":7,"122":9,"123":6,"124":6,"126":9,"127":1,"128":1,"130":9,"131":1,"132":1,"134":7,"135":7,"137":7,"138":9,"168":1,"169":2,"170":2,"171":2,"172":2,"173":2,"174":2,"195":1,"196":3,"198":3,"199":2,"200":2,"201":2,"203":3,"204":3,"205":3,"227":1,"228":3,"229":3,"231":3,"232":2,"233":3,"260":1,"261":3,"262":3,"263":3,"264":3,"265":3,"266":3,"271":1,"272":13,"273":13,"274":13,"275":13,"276":13,"278":13,"279":13,"281":13,"282":13,"283":13,"284":13,"285":13,"286":13,"288":13,"289":7,"290":7,"292":13,"293":13,"294":13,"295":13,"296":13,"297":13,"299":13,"301":13,"302":5,"303":5,"304":5,"305":5,"306":5,"307":4,"308":5,"309":0,"310":0,"311":5,"312":1,"313":1,"315":5,"316":2,"317":2,"318":2,"319":2,"321":5,"322":1,"323":1,"325":2,"326":4,"327":5,"328":5,"329":5,"330":5,"333":12,"334":0,"335":0,"337":8,"338":8,"339":12,"340":0,"341":0,"342":13,"344":5,"345":5,"346":3,"347":1,"348":0,"349":5,"350":5,"351":5,"354":0,"355":5,"356":5,"357":5,"358":13,"359":1},"branchMap":{"0":{"type":"branch","line":60,"loc":{"start":{"line":60,"column":2},"end":{"line":65,"column":3}},"locations":[{"start":{"line":60,"column":2},"end":{"line":65,"column":3}}]},"1":{"type":"branch","line":64,"loc":{"start":{"line":64,"column":24},"end":{"line":64,"column":58}},"locations":[{"start":{"line":64,"column":24},"end":{"line":64,"column":58}}]},"2":{"type":"branch","line":103,"loc":{"start":{"line":103,"column":2},"end":{"line":139,"column":3}},"locations":[{"start":{"line":103,"column":2},"end":{"line":139,"column":3}}]},"3":{"type":"branch","line":105,"loc":{"start":{"line":105,"column":15},"end":{"line":105,"column":43}},"locations":[{"start":{"line":105,"column":15},"end":{"line":105,"column":43}}]},"4":{"type":"branch","line":105,"loc":{"start":{"line":105,"column":43},"end":{"line":109,"column":5}},"locations":[{"start":{"line":105,"column":43},"end":{"line":109,"column":5}}]},"5":{"type":"branch","line":109,"loc":{"start":{"line":109,"column":4},"end":{"line":111,"column":27}},"locations":[{"start":{"line":109,"column":4},"end":{"line":111,"column":27}}]},"6":{"type":"branch","line":111,"loc":{"start":{"line":111,"column":16},"end":{"line":111,"column":45}},"locations":[{"start":{"line":111,"column":16},"end":{"line":111,"column":45}}]},"7":{"type":"branch","line":111,"loc":{"start":{"line":111,"column":45},"end":{"line":115,"column":5}},"locations":[{"start":{"line":111,"column":45},"end":{"line":115,"column":5}}]},"8":{"type":"branch","line":115,"loc":{"start":{"line":115,"column":4},"end":{"line":123,"column":24}},"locations":[{"start":{"line":115,"column":4},"end":{"line":123,"column":24}}]},"9":{"type":"branch","line":123,"loc":{"start":{"line":123,"column":24},"end":{"line":125,"column":5}},"locations":[{"start":{"line":123,"column":24},"end":{"line":125,"column":5}}]},"10":{"type":"branch","line":125,"loc":{"start":{"line":125,"column":4},"end":{"line":127,"column":25}},"locations":[{"start":{"line":125,"column":4},"end":{"line":127,"column":25}}]},"11":{"type":"branch","line":127,"loc":{"start":{"line":127,"column":25},"end":{"line":129,"column":5}},"locations":[{"start":{"line":127,"column":25},"end":{"line":129,"column":5}}]},"12":{"type":"branch","line":129,"loc":{"start":{"line":129,"column":4},"end":{"line":131,"column":25}},"locations":[{"start":{"line":129,"column":4},"end":{"line":131,"column":25}}]},"13":{"type":"branch","line":131,"loc":{"start":{"line":131,"column":25},"end":{"line":133,"column":5}},"locations":[{"start":{"line":131,"column":25},"end":{"line":133,"column":5}}]},"14":{"type":"branch","line":133,"loc":{"start":{"line":133,"column":4},"end":{"line":138,"column":49}},"locations":[{"start":{"line":133,"column":4},"end":{"line":138,"column":49}}]},"15":{"type":"branch","line":138,"loc":{"start":{"line":138,"column":47},"end":{"line":138,"column":49}},"locations":[{"start":{"line":138,"column":47},"end":{"line":138,"column":49}}]},"16":{"type":"branch","line":169,"loc":{"start":{"line":169,"column":2},"end":{"line":175,"column":3}},"locations":[{"start":{"line":169,"column":2},"end":{"line":175,"column":3}}]},"17":{"type":"branch","line":196,"loc":{"start":{"line":196,"column":2},"end":{"line":206,"column":3}},"locations":[{"start":{"line":196,"column":2},"end":{"line":206,"column":3}}]},"18":{"type":"branch","line":199,"loc":{"start":{"line":199,"column":16},"end":{"line":202,"column":5}},"locations":[{"start":{"line":199,"column":16},"end":{"line":202,"column":5}}]},"19":{"type":"branch","line":228,"loc":{"start":{"line":228,"column":2},"end":{"line":234,"column":3}},"locations":[{"start":{"line":228,"column":2},"end":{"line":234,"column":3}}]},"20":{"type":"branch","line":232,"loc":{"start":{"line":232,"column":55},"end":{"line":233,"column":35}},"locations":[{"start":{"line":232,"column":55},"end":{"line":233,"column":35}}]},"21":{"type":"branch","line":261,"loc":{"start":{"line":261,"column":2},"end":{"line":267,"column":3}},"locations":[{"start":{"line":261,"column":2},"end":{"line":267,"column":3}}]},"22":{"type":"branch","line":272,"loc":{"start":{"line":272,"column":2},"end":{"line":359,"column":3}},"locations":[{"start":{"line":272,"column":2},"end":{"line":359,"column":3}}]},"23":{"type":"branch","line":289,"loc":{"start":{"line":289,"column":21},"end":{"line":291,"column":5}},"locations":[{"start":{"line":289,"column":21},"end":{"line":291,"column":5}}]},"24":{"type":"branch","line":297,"loc":{"start":{"line":297,"column":23},"end":{"line":297,"column":35}},"locations":[{"start":{"line":297,"column":23},"end":{"line":297,"column":35}}]},"25":{"type":"branch","line":297,"loc":{"start":{"line":297,"column":28},"end":{"line":297,"column":45}},"locations":[{"start":{"line":297,"column":28},"end":{"line":297,"column":45}}]},"26":{"type":"branch","line":302,"loc":{"start":{"line":302,"column":24},"end":{"line":331,"column":7}},"locations":[{"start":{"line":302,"column":24},"end":{"line":331,"column":7}}]},"27":{"type":"branch","line":307,"loc":{"start":{"line":307,"column":40},"end":{"line":307,"column":79}},"locations":[{"start":{"line":307,"column":40},"end":{"line":307,"column":79}}]},"28":{"type":"branch","line":307,"loc":{"start":{"line":307,"column":79},"end":{"line":309,"column":21}},"locations":[{"start":{"line":307,"column":79},"end":{"line":309,"column":21}}]},"29":{"type":"branch","line":309,"loc":{"start":{"line":309,"column":10},"end":{"line":311,"column":11}},"locations":[{"start":{"line":309,"column":10},"end":{"line":311,"column":11}}]},"30":{"type":"branch","line":312,"loc":{"start":{"line":312,"column":8},"end":{"line":314,"column":9}},"locations":[{"start":{"line":312,"column":8},"end":{"line":314,"column":9}}]},"31":{"type":"branch","line":316,"loc":{"start":{"line":316,"column":32},"end":{"line":316,"column":64}},"locations":[{"start":{"line":316,"column":32},"end":{"line":316,"column":64}}]},"32":{"type":"branch","line":316,"loc":{"start":{"line":316,"column":64},"end":{"line":320,"column":9}},"locations":[{"start":{"line":316,"column":64},"end":{"line":320,"column":9}}]},"33":{"type":"branch","line":318,"loc":{"start":{"line":318,"column":12},"end":{"line":318,"column":51}},"locations":[{"start":{"line":318,"column":12},"end":{"line":318,"column":51}}]},"34":{"type":"branch","line":320,"loc":{"start":{"line":320,"column":8},"end":{"line":322,"column":64}},"locations":[{"start":{"line":320,"column":8},"end":{"line":322,"column":64}}]},"35":{"type":"branch","line":320,"loc":{"start":{"line":320,"column":8},"end":{"line":322,"column":39}},"locations":[{"start":{"line":320,"column":8},"end":{"line":322,"column":39}}]},"36":{"type":"branch","line":322,"loc":{"start":{"line":322,"column":32},"end":{"line":322,"column":64}},"locations":[{"start":{"line":322,"column":32},"end":{"line":322,"column":64}}]},"37":{"type":"branch","line":322,"loc":{"start":{"line":322,"column":64},"end":{"line":327,"column":74}},"locations":[{"start":{"line":322,"column":64},"end":{"line":327,"column":74}}]},"38":{"type":"branch","line":322,"loc":{"start":{"line":322,"column":64},"end":{"line":324,"column":9}},"locations":[{"start":{"line":322,"column":64},"end":{"line":324,"column":9}}]},"39":{"type":"branch","line":323,"loc":{"start":{"line":323,"column":36},"end":{"line":323,"column":71}},"locations":[{"start":{"line":323,"column":36},"end":{"line":323,"column":71}}]},"40":{"type":"branch","line":324,"loc":{"start":{"line":324,"column":8},"end":{"line":327,"column":26}},"locations":[{"start":{"line":324,"column":8},"end":{"line":327,"column":26}}]},"41":{"type":"branch","line":327,"loc":{"start":{"line":327,"column":10},"end":{"line":327,"column":74}},"locations":[{"start":{"line":327,"column":10},"end":{"line":327,"column":74}}]},"42":{"type":"branch","line":331,"loc":{"start":{"line":331,"column":6},"end":{"line":342,"column":7}},"locations":[{"start":{"line":331,"column":6},"end":{"line":342,"column":7}}]},"43":{"type":"branch","line":331,"loc":{"start":{"line":331,"column":6},"end":{"line":334,"column":31}},"locations":[{"start":{"line":331,"column":6},"end":{"line":334,"column":31}}]},"44":{"type":"branch","line":334,"loc":{"start":{"line":334,"column":31},"end":{"line":336,"column":7}},"locations":[{"start":{"line":334,"column":31},"end":{"line":336,"column":7}}]},"45":{"type":"branch","line":336,"loc":{"start":{"line":336,"column":6},"end":{"line":340,"column":14}},"locations":[{"start":{"line":336,"column":6},"end":{"line":340,"column":14}}]},"46":{"type":"branch","line":340,"loc":{"start":{"line":340,"column":6},"end":{"line":342,"column":7}},"locations":[{"start":{"line":340,"column":6},"end":{"line":342,"column":7}}]},"47":{"type":"branch","line":343,"loc":{"start":{"line":343,"column":4},"end":{"line":358,"column":5}},"locations":[{"start":{"line":343,"column":4},"end":{"line":358,"column":5}}]},"48":{"type":"branch","line":346,"loc":{"start":{"line":346,"column":25},"end":{"line":347,"column":47}},"locations":[{"start":{"line":346,"column":25},"end":{"line":347,"column":47}}]},"49":{"type":"branch","line":347,"loc":{"start":{"line":347,"column":25},"end":{"line":348,"column":43}},"locations":[{"start":{"line":347,"column":25},"end":{"line":348,"column":43}}]},"50":{"type":"branch","line":348,"loc":{"start":{"line":348,"column":25},"end":{"line":349,"column":38}},"locations":[{"start":{"line":348,"column":25},"end":{"line":349,"column":38}}]},"51":{"type":"branch","line":352,"loc":{"start":{"line":352,"column":6},"end":{"line":356,"column":67}},"locations":[{"start":{"line":352,"column":6},"end":{"line":356,"column":67}}]},"52":{"type":"branch","line":356,"loc":{"start":{"line":356,"column":57},"end":{"line":356,"column":80}},"locations":[{"start":{"line":356,"column":57},"end":{"line":356,"column":80}}]}},"b":{"0":[22],"1":[1],"2":[9],"3":[7],"4":[1],"5":[8],"6":[2],"7":[1],"8":[7],"9":[6],"10":[7],"11":[1],"12":[7],"13":[1],"14":[7],"15":[3],"16":[2],"17":[3],"18":[2],"19":[3],"20":[2],"21":[3],"22":[13],"23":[7],"24":[7],"25":[6],"26":[5],"27":[4],"28":[4],"29":[0],"30":[1],"31":[3],"32":[2],"33":[0],"34":[4],"35":[3],"36":[2],"37":[4],"38":[1],"39":[0],"40":[2],"41":[0],"42":[12],"43":[8],"44":[0],"45":[8],"46":[0],"47":[5],"48":[3],"49":[1],"50":[0],"51":[0],"52":[0]},"fnMap":{"0":{"name":"Realtime","decl":{"start":{"line":60,"column":2},"end":{"line":65,"column":3}},"loc":{"start":{"line":60,"column":2},"end":{"line":65,"column":3}},"line":60},"1":{"name":"trigger","decl":{"start":{"line":103,"column":2},"end":{"line":139,"column":3}},"loc":{"start":{"line":103,"column":2},"end":{"line":139,"column":3}},"line":103},"2":{"name":"authenticateChannel","decl":{"start":{"line":169,"column":2},"end":{"line":175,"column":3}},"loc":{"start":{"line":169,"column":2},"end":{"line":175,"column":3}},"line":169},"3":{"name":"getChannels","decl":{"start":{"line":196,"column":2},"end":{"line":206,"column":3}},"loc":{"start":{"line":196,"column":2},"end":{"line":206,"column":3}},"line":196},"4":{"name":"getChannel","decl":{"start":{"line":228,"column":2},"end":{"line":234,"column":3}},"loc":{"start":{"line":228,"column":2},"end":{"line":234,"column":3}},"line":228},"5":{"name":"verifyWebhook","decl":{"start":{"line":261,"column":2},"end":{"line":267,"column":3}},"loc":{"start":{"line":261,"column":2},"end":{"line":267,"column":3}},"line":261},"6":{"name":"request","decl":{"start":{"line":272,"column":2},"end":{"line":359,"column":3}},"loc":{"start":{"line":272,"column":2},"end":{"line":359,"column":3}},"line":272}},"f":{"0":22,"1":9,"2":2,"3":3,"4":3,"5":3,"6":13}}
,"/Users/shpetim/Projects/apinator/sdks/node/src/crypto.ts": {"path":"/Users/shpetim/Projects/apinator/sdks/node/src/crypto.ts","all":false,"statementMap":{"0":{"start":{"line":1,"column":0},"end":{"line":1,"column":48}},"5":{"start":{"line":6,"column":0},"end":{"line":6,"column":46}},"6":{"start":{"line":7,"column":0},"end":{"line":7,"column":62}},"7":{"start":{"line":8,"column":0},"end":{"line":8,"column":1}},"19":{"start":{"line":20,"column":0},"end":{"line":20,"column":28}},"20":{"start":{"line":21,"column":0},"end":{"line":21,"column":17}},"21":{"start":{"line":22,"column":0},"end":{"line":22,"column":17}},"22":{"start":{"line":23,"column":0},"end":{"line":23,"column":15}},"23":{"start":{"line":24,"column":0},"end":{"line":24,"column":15}},"24":{"start":{"line":25,"column":0},"end":{"line":25,"column":19}},"25":{"start":{"line":26,"column":0},"end":{"line":26,"column":11}},"27":{"start":{"line":28,"column":0},"end":{"line":28,"column":50}},"30":{"start":{"line":31,"column":0},"end":{"line":31,"column":67}},"33":{"start":{"line":34,"column":0},"end":{"line":34,"column":78}},"34":{"start":{"line":35,"column":0},"end":{"line":35,"column":1}},"45":{"start":{"line":46,"column":0},"end":{"line":46,"column":28}},"46":{"start":{"line":47,"column":0},"end":{"line":47,"column":17}},"47":{"start":{"line":48,"column":0},"end":{"line":48,"column":19}},"48":{"start":{"line":49,"column":0},"end":{"line":49,"column":22}},"49":{"start":{"line":50,"column":0},"end":{"line":50,"column":22}},"50":{"start":{"line":51,"column":0},"end":{"line":51,"column":11}},"52":{"start":{"line":53,"column":0},"end":{"line":53,"column":31}},"53":{"start":{"line":54,"column":0},"end":{"line":54,"column":49}},"54":{"start":{"line":55,"column":0},"end":{"line":55,"column":35}},"57":{"start":{"line":58,"column":0},"end":{"line":58,"column":78}},"58":{"start":{"line":59,"column":0},"end":{"line":59,"column":1}},"68":{"start":{"line":69,"column":0},"end":{"line":69,"column":35}},"69":{"start":{"line":70,"column":0},"end":{"line":70,"column":17}},"70":{"start":{"line":71,"column":0},"end":{"line":71,"column":20}},"71":{"start":{"line":72,"column":0},"end":{"line":72,"column":17}},"72":{"start":{"line":73,"column":0},"end":{"line":73,"column":11}},"74":{"start":{"line":75,"column":0},"end":{"line":75,"column":42}},"77":{"start":{"line":78,"column":0},"end":{"line":78,"column":74}},"78":{"start":{"line":79,"column":0},"end":{"line":79,"column":1}}},"s":{"0":1,"5":1,"6":18,"7":18,"19":1,"20":24,"21":24,"22":24,"23":24,"24":24,"25":24,"27":24,"30":24,"33":24,"34":24,"45":1,"46":27,"47":27,"48":27,"49":27,"50":27,"52":27,"53":7,"54":20,"57":27,"58":27,"68":1,"69":33,"70":33,"71":33,"72":33,"74":33,"77":33,"78":33},"branchMap":{"0":{"type":"branch","line":6,"loc":{"start":{"line":6,"column":7},"end":{"line":8,"column":1}},"locations":[{"start":{"line":6,"column":7},"end":{"line":8,"column":1}}]},"1":{"type":"branch","line":20,"loc":{"start":{"line":20,"column":7},"end":{"line":35,"column":1}},"locations":[{"start":{"line":20,"column":7},"end":{"line":35,"column":1}}]},"2":{"type":"branch","line":28,"loc":{"start":{"line":28,"column":27},"end":{"line":28,"column":37}},"locations":[{"start":{"line":28,"column":27},"end":{"line":28,"column":37}}]},"3":{"type":"branch","line":28,"loc":{"start":{"line":28,"column":32},"end":{"line":28,"column":50}},"locations":[{"start":{"line":28,"column":32},"end":{"line":28,"column":50}}]},"4":{"type":"branch","line":46,"loc":{"start":{"line":46,"column":7},"end":{"line":59,"column":1}},"locations":[{"start":{"line":46,"column":7},"end":{"line":59,"column":1}}]},"5":{"type":"branch","line":53,"loc":{"start":{"line":53,"column":20},"end":{"line":54,"column":49}},"locations":[{"start":{"line":53,"column":20},"end":{"line":54,"column":49}}]},"6":{"type":"branch","line":54,"loc":{"start":{"line":54,"column":47},"end":{"line":55,"column":35}},"locations":[{"start":{"line":54,"column":47},"end":{"line":55,"column":35}}]},"7":{"type":"branch","line":69,"loc":{"start":{"line":69,"column":7},"end":{"line":79,"column":1}},"locations":[{"start":{"line":69,"column":7},"end":{"line":79,"column":1}}]}},"b":{"0":[18],"1":[24],"2":[9],"3":[15],"4":[27],"5":[7],"6":[20],"7":[33]},"fnMap":{"0":{"name":"md5Hex","decl":{"start":{"line":6,"column":7},"end":{"line":8,"column":1}},"loc":{"start":{"line":6,"column":7},"end":{"line":8,"column":1}},"line":6},"1":{"name":"signRequest","decl":{"start":{"line":20,"column":7},"end":{"line":35,"column":1}},"loc":{"start":{"line":20,"column":7},"end":{"line":35,"column":1}},"line":20},"2":{"name":"signChannel","decl":{"start":{"line":46,"column":7},"end":{"line":59,"column":1}},"loc":{"start":{"line":46,"column":7},"end":{"line":59,"column":1}},"line":46},"3":{"name":"signWebhookPayload","decl":{"start":{"line":69,"column":7},"end":{"line":79,"column":1}},"loc":{"start":{"line":69,"column":7},"end":{"line":79,"column":1}},"line":69}},"f":{"0":18,"1":24,"2":27,"3":33}}
,"/Users/shpetim/Projects/apinator/sdks/node/src/errors.ts": {"path":"/Users/shpetim/Projects/apinator/sdks/node/src/errors.ts","all":false,"statementMap":{"3":{"start":{"line":4,"column":0},"end":{"line":4,"column":42}},"4":{"start":{"line":5,"column":0},"end":{"line":5,"column":32}},"5":{"start":{"line":6,"column":0},"end":{"line":6,"column":19}},"6":{"start":{"line":7,"column":0},"end":{"line":7,"column":32}},"7":{"start":{"line":8,"column":0},"end":{"line":8,"column":57}},"8":{"start":{"line":9,"column":0},"end":{"line":9,"column":3}},"9":{"start":{"line":10,"column":0},"end":{"line":10,"column":1}},"14":{"start":{"line":15,"column":0},"end":{"line":15,"column":56}},"15":{"start":{"line":16,"column":0},"end":{"line":16,"column":32}},"16":{"start":{"line":17,"column":0},"end":{"line":17,"column":19}},"17":{"start":{"line":18,"column":0},"end":{"line":18,"column":38}},"18":{"start":{"line":19,"column":0},"end":{"line":19,"column":63}},"19":{"start":{"line":20,"column":0},"end":{"line":20,"column":3}},"20":{"start":{"line":21,"column":0},"end":{"line":21,"column":1}},"25":{"start":{"line":26,"column":0},"end":{"line":26,"column":52}},"26":{"start":{"line":27,"column":0},"end":{"line":27,"column":32}},"27":{"start":{"line":28,"column":0},"end":{"line":28,"column":19}},"28":{"start":{"line":29,"column":0},"end":{"line":29,"column":34}},"29":{"start":{"line":30,"column":0},"end":{"line":30,"column":59}},"30":{"start":{"line":31,"column":0},"end":{"line":31,"column":3}},"31":{"start":{"line":32,"column":0},"end":{"line":32,"column":1}},"36":{"start":{"line":37,"column":0},"end":{"line":37,"column":45}},"40":{"start":{"line":41,"column":0},"end":{"line":41,"column":62}},"41":{"start":{"line":42,"column":0},"end":{"line":42,"column":19}},"42":{"start":{"line":43,"column":0},"end":{"line":43,"column":27}},"43":{"start":{"line":44,"column":0},"end":{"line":44,"column":25}},"44":{"start":{"line":45,"column":0},"end":{"line":45,"column":21}},"45":{"start":{"line":46,"column":0},"end":{"line":46,"column":52}},"46":{"start":{"line":47,"column":0},"end":{"line":47,"column":3}},"47":{"start":{"line":48,"column":0},"end":{"line":48,"column":1}}},"s":{"3":1,"4":1,"5":7,"6":7,"7":7,"8":7,"9":1,"14":1,"15":1,"16":2,"17":2,"18":2,"19":2,"20":1,"25":1,"26":1,"27":3,"28":3,"29":3,"30":3,"31":1,"36":1,"40":1,"41":2,"42":2,"43":2,"44":2,"45":2,"46":2,"47":1},"branchMap":{"0":{"type":"branch","line":5,"loc":{"start":{"line":5,"column":2},"end":{"line":9,"column":3}},"locations":[{"start":{"line":5,"column":2},"end":{"line":9,"column":3}}]},"1":{"type":"branch","line":16,"loc":{"start":{"line":16,"column":2},"end":{"line":20,"column":3}},"locations":[{"start":{"line":16,"column":2},"end":{"line":20,"column":3}}]},"2":{"type":"branch","line":27,"loc":{"start":{"line":27,"column":2},"end":{"line":31,"column":3}},"locations":[{"start":{"line":27,"column":2},"end":{"line":31,"column":3}}]},"3":{"type":"branch","line":41,"loc":{"start":{"line":41,"column":2},"end":{"line":47,"column":3}},"locations":[{"start":{"line":41,"column":2},"end":{"line":47,"column":3}}]}},"b":{"0":[7],"1":[2],"2":[3],"3":[2]},"fnMap":{"0":{"name":"RealtimeError","decl":{"start":{"line":5,"column":2},"end":{"line":9,"column":3}},"loc":{"start":{"line":5,"column":2},"end":{"line":9,"column":3}},"line":5},"1":{"name":"AuthenticationError","decl":{"start":{"line":16,"column":2},"end":{"line":20,"column":3}},"loc":{"start":{"line":16,"column":2},"end":{"line":20,"column":3}},"line":16},"2":{"name":"ValidationError","decl":{"start":{"line":27,"column":2},"end":{"line":31,"column":3}},"loc":{"start":{"line":27,"column":2},"end":{"line":31,"column":3}},"line":27},"3":{"name":"ApiError","decl":{"start":{"line":41,"column":2},"end":{"line":47,"column":3}},"loc":{"start":{"line":41,"column":2},"end":{"line":47,"column":3}},"line":41}},"f":{"0":7,"1":2,"2":3,"3":2}}
,"/Users/shpetim/Projects/apinator/sdks/node/src/index.ts": {"path":"/Users/shpetim/Projects/apinator/sdks/node/src/index.ts","all":true,"statementMap":{"0":{"start":{"line":1,"column":0},"end":{"line":1,"column":3}}},"s":{"0":0},"branchMap":{"0":{"type":"branch","line":1,"loc":{"start":{"line":1,"column":1104},"end":{"line":52,"column":18}},"locations":[{"start":{"line":1,"column":1104},"end":{"line":52,"column":18}}]}},"b":{"0":[0]},"fnMap":{"0":{"name":"(empty-report)","decl":{"start":{"line":1,"column":1104},"end":{"line":52,"column":18}},"loc":{"start":{"line":1,"column":1104},"end":{"line":52,"column":18}},"line":1}},"f":{"0":0}}
,"/Users/shpetim/Projects/apinator/sdks/node/src/types.ts": {"path":"/Users/shpetim/Projects/apinator/sdks/node/src/types.ts","all":true,"statementMap":{},"s":{},"branchMap":{"0":{"type":"branch","line":1,"loc":{"start":{"line":1,"column":1343},"end":{"line":59,"column":1}},"locations":[{"start":{"line":1,"column":1343},"end":{"line":59,"column":1}}]}},"b":{"0":[1]},"fnMap":{"0":{"name":"(empty-report)","decl":{"start":{"line":1,"column":1343},"end":{"line":59,"column":1}},"loc":{"start":{"line":1,"column":1343},"end":{"line":59,"column":1}},"line":1}},"f":{"0":1}}
,"/Users/shpetim/Projects/apinator/sdks/node/src/webhook.ts": {"path":"/Users/shpetim/Projects/apinator/sdks/node/src/webhook.ts","all":false,"statementMap":{"0":{"start":{"line":1,"column":0},"end":{"line":1,"column":41}},"32":{"start":{"line":33,"column":0},"end":{"line":33,"column":30}},"33":{"start":{"line":34,"column":0},"end":{"line":34,"column":17}},"34":{"start":{"line":35,"column":0},"end":{"line":35,"column":57}},"35":{"start":{"line":36,"column":0},"end":{"line":36,"column":15}},"36":{"start":{"line":37,"column":0},"end":{"line":37,"column":17}},"37":{"start":{"line":38,"column":0},"end":{"line":38,"column":12}},"39":{"start":{"line":40,"column":0},"end":{"line":40,"column":51}},"40":{"start":{"line":41,"column":0},"end":{"line":41,"column":12}},"41":{"start":{"line":42,"column":0},"end":{"line":42,"column":26}},"42":{"start":{"line":43,"column":0},"end":{"line":43,"column":4}},"43":{"start":{"line":44,"column":0},"end":{"line":44,"column":25}},"44":{"start":{"line":45,"column":0},"end":{"line":45,"column":17}},"45":{"start":{"line":46,"column":0},"end":{"line":46,"column":3}},"48":{"start":{"line":49,"column":0},"end":{"line":49,"column":63}},"49":{"start":{"line":50,"column":0},"end":{"line":50,"column":30}},"50":{"start":{"line":51,"column":0},"end":{"line":51,"column":22}},"53":{"start":{"line":54,"column":0},"end":{"line":54,"column":78}},"54":{"start":{"line":55,"column":0},"end":{"line":55,"column":19}},"55":{"start":{"line":56,"column":0},"end":{"line":56,"column":17}},"56":{"start":{"line":57,"column":0},"end":{"line":57,"column":3}},"59":{"start":{"line":60,"column":0},"end":{"line":60,"column":29}},"60":{"start":{"line":61,"column":0},"end":{"line":61,"column":48}},"61":{"start":{"line":62,"column":0},"end":{"line":62,"column":29}},"62":{"start":{"line":63,"column":0},"end":{"line":63,"column":19}},"63":{"start":{"line":64,"column":0},"end":{"line":64,"column":5}},"65":{"start":{"line":66,"column":0},"end":{"line":66,"column":54}},"66":{"start":{"line":67,"column":0},"end":{"line":67,"column":42}},"68":{"start":{"line":69,"column":0},"end":{"line":69,"column":34}},"69":{"start":{"line":70,"column":0},"end":{"line":70,"column":19}},"70":{"start":{"line":71,"column":0},"end":{"line":71,"column":5}},"71":{"start":{"line":72,"column":0},"end":{"line":72,"column":3}},"74":{"start":{"line":75,"column":0},"end":{"line":75,"column":72}},"77":{"start":{"line":78,"column":0},"end":{"line":78,"column":7}},"78":{"start":{"line":79,"column":0},"end":{"line":79,"column":61}},"79":{"start":{"line":80,"column":0},"end":{"line":80,"column":65}},"82":{"start":{"line":83,"column":0},"end":{"line":83,"column":56}},"83":{"start":{"line":84,"column":0},"end":{"line":84,"column":19}},"84":{"start":{"line":85,"column":0},"end":{"line":85,"column":5}},"86":{"start":{"line":87,"column":0},"end":{"line":87,"column":57}},"87":{"start":{"line":88,"column":0},"end":{"line":88,"column":11}},"88":{"start":{"line":89,"column":0},"end":{"line":89,"column":17}},"89":{"start":{"line":90,"column":0},"end":{"line":90,"column":3}},"90":{"start":{"line":91,"column":0},"end":{"line":91,"column":1}},"95":{"start":{"line":96,"column":0},"end":{"line":96,"column":34}},"96":{"start":{"line":97,"column":0},"end":{"line":97,"column":57}},"97":{"start":{"line":98,"column":0},"end":{"line":98,"column":13}},"98":{"start":{"line":99,"column":0},"end":{"line":99,"column":23}},"99":{"start":{"line":100,"column":0},"end":{"line":100,"column":37}},"100":{"start":{"line":101,"column":0},"end":{"line":101,"column":49}},"101":{"start":{"line":102,"column":0},"end":{"line":102,"column":39}},"102":{"start":{"line":103,"column":0},"end":{"line":103,"column":34}},"103":{"start":{"line":104,"column":0},"end":{"line":104,"column":17}},"104":{"start":{"line":105,"column":0},"end":{"line":105,"column":7}},"105":{"start":{"line":106,"column":0},"end":{"line":106,"column":29}},"106":{"start":{"line":107,"column":0},"end":{"line":107,"column":77}},"107":{"start":{"line":108,"column":0},"end":{"line":108,"column":7}},"108":{"start":{"line":109,"column":0},"end":{"line":109,"column":23}},"109":{"start":{"line":110,"column":0},"end":{"line":110,"column":5}},"110":{"start":{"line":111,"column":0},"end":{"line":111,"column":3}},"111":{"start":{"line":112,"column":0},"end":{"line":112,"column":19}},"112":{"start":{"line":113,"column":0},"end":{"line":113,"column":1}}},"s":{"0":1,"32":1,"33":18,"34":18,"35":18,"36":18,"37":18,"39":18,"40":18,"41":18,"42":18,"43":18,"44":1,"45":1,"48":17,"49":14,"50":3,"53":18,"54":18,"55":1,"56":1,"59":18,"60":5,"61":5,"62":1,"63":1,"65":4,"66":4,"68":5,"69":3,"70":3,"71":5,"74":12,"77":12,"78":12,"79":12,"82":18,"83":3,"84":3,"86":9,"87":18,"88":0,"89":0,"90":18,"95":35,"96":35,"97":35,"98":35,"99":35,"100":35,"101":51,"102":33,"103":31,"104":31,"105":2,"106":2,"107":2,"108":0,"109":0,"110":51,"111":2,"112":2},"branchMap":{"0":{"type":"branch","line":33,"loc":{"start":{"line":33,"column":7},"end":{"line":91,"column":1}},"locations":[{"start":{"line":33,"column":7},"end":{"line":91,"column":1}}]},"1":{"type":"branch","line":44,"loc":{"start":{"line":44,"column":24},"end":{"line":46,"column":3}},"locations":[{"start":{"line":44,"column":24},"end":{"line":46,"column":3}}]},"2":{"type":"branch","line":46,"loc":{"start":{"line":46,"column":2},"end":{"line":49,"column":63}},"locations":[{"start":{"line":46,"column":2},"end":{"line":49,"column":63}}]},"3":{"type":"branch","line":49,"loc":{"start":{"line":49,"column":62},"end":{"line":50,"column":30}},"locations":[{"start":{"line":49,"column":62},"end":{"line":50,"column":30}}]},"4":{"type":"branch","line":50,"loc":{"start":{"line":50,"column":29},"end":{"line":51,"column":22}},"locations":[{"start":{"line":50,"column":29},"end":{"line":51,"column":22}}]},"5":{"type":"branch","line":55,"loc":{"start":{"line":55,"column":18},"end":{"line":57,"column":3}},"locations":[{"start":{"line":55,"column":18},"end":{"line":57,"column":3}}]},"6":{"type":"branch","line":57,"loc":{"start":{"line":57,"column":2},"end":{"line":60,"column":28}},"locations":[{"start":{"line":57,"column":2},"end":{"line":60,"column":28}}]},"7":{"type":"branch","line":60,"loc":{"start":{"line":60,"column":28},"end":{"line":72,"column":3}},"locations":[{"start":{"line":60,"column":28},"end":{"line":72,"column":3}}]},"8":{"type":"branch","line":62,"loc":{"start":{"line":62,"column":28},"end":{"line":64,"column":5}},"locations":[{"start":{"line":62,"column":28},"end":{"line":64,"column":5}}]},"9":{"type":"branch","line":64,"loc":{"start":{"line":64,"column":4},"end":{"line":69,"column":24}},"locations":[{"start":{"line":64,"column":4},"end":{"line":69,"column":24}}]},"10":{"type":"branch","line":69,"loc":{"start":{"line":69,"column":14},"end":{"line":69,"column":33}},"locations":[{"start":{"line":69,"column":14},"end":{"line":69,"column":33}}]},"11":{"type":"branch","line":69,"loc":{"start":{"line":69,"column":33},"end":{"line":71,"column":5}},"locations":[{"start":{"line":69,"column":33},"end":{"line":71,"column":5}}]},"12":{"type":"branch","line":72,"loc":{"start":{"line":72,"column":2},"end":{"line":83,"column":55}},"locations":[{"start":{"line":72,"column":2},"end":{"line":83,"column":55}}]},"13":{"type":"branch","line":83,"loc":{"start":{"line":83,"column":55},"end":{"line":88,"column":10}},"locations":[{"start":{"line":83,"column":55},"end":{"line":88,"column":10}}]},"14":{"type":"branch","line":83,"loc":{"start":{"line":83,"column":55},"end":{"line":85,"column":5}},"locations":[{"start":{"line":83,"column":55},"end":{"line":85,"column":5}}]},"15":{"type":"branch","line":85,"loc":{"start":{"line":85,"column":4},"end":{"line":88,"column":10}},"locations":[{"start":{"line":85,"column":4},"end":{"line":88,"column":10}}]},"16":{"type":"branch","line":88,"loc":{"start":{"line":88,"column":2},"end":{"line":90,"column":3}},"locations":[{"start":{"line":88,"column":2},"end":{"line":90,"column":3}}]},"17":{"type":"branch","line":96,"loc":{"start":{"line":96,"column":0},"end":{"line":113,"column":1}},"locations":[{"start":{"line":96,"column":0},"end":{"line":113,"column":1}}]},"18":{"type":"branch","line":101,"loc":{"start":{"line":101,"column":48},"end":{"line":111,"column":3}},"locations":[{"start":{"line":101,"column":48},"end":{"line":111,"column":3}}]},"19":{"type":"branch","line":102,"loc":{"start":{"line":102,"column":38},"end":{"line":110,"column":5}},"locations":[{"start":{"line":102,"column":38},"end":{"line":110,"column":5}}]},"20":{"type":"branch","line":103,"loc":{"start":{"line":103,"column":33},"end":{"line":105,"column":7}},"locations":[{"start":{"line":103,"column":33},"end":{"line":105,"column":7}}]},"21":{"type":"branch","line":105,"loc":{"start":{"line":105,"column":6},"end":{"line":110,"column":5}},"locations":[{"start":{"line":105,"column":6},"end":{"line":110,"column":5}}]},"22":{"type":"branch","line":105,"loc":{"start":{"line":105,"column":6},"end":{"line":108,"column":7}},"locations":[{"start":{"line":105,"column":6},"end":{"line":108,"column":7}}]},"23":{"type":"branch","line":108,"loc":{"start":{"line":108,"column":6},"end":{"line":110,"column":5}},"locations":[{"start":{"line":108,"column":6},"end":{"line":110,"column":5}}]},"24":{"type":"branch","line":111,"loc":{"start":{"line":111,"column":2},"end":{"line":113,"column":1}},"locations":[{"start":{"line":111,"column":2},"end":{"line":113,"column":1}}]},"25":{"type":"branch","line":107,"loc":{"start":{"line":107,"column":22},"end":{"line":107,"column":75}},"locations":[{"start":{"line":107,"column":22},"end":{"line":107,"column":75}}]}},"b":{"0":[18],"1":[1],"2":[17],"3":[14],"4":[3],"5":[1],"6":[16],"7":[5],"8":[1],"9":[4],"10":[2],"11":[3],"12":[12],"13":[16],"14":[3],"15":[9],"16":[0],"17":[35],"18":[51],"19":[33],"20":[31],"21":[27],"22":[2],"23":[0],"24":[2],"25":[2]},"fnMap":{"0":{"name":"verifyWebhook","decl":{"start":{"line":33,"column":7},"end":{"line":91,"column":1}},"loc":{"start":{"line":33,"column":7},"end":{"line":91,"column":1}},"line":33},"1":{"name":"getHeaderCaseInsensitive","decl":{"start":{"line":96,"column":0},"end":{"line":113,"column":1}},"loc":{"start":{"line":96,"column":0},"end":{"line":113,"column":1}},"line":96}},"f":{"0":18,"1":35}}
}
